<?xml version="1.0" encoding="UTF-8" standalone="no"?>
<!DOCTYPE log SYSTEM "logger.dtd">
<log>
<record>
  <date>2015-05-07T17:06:22</date>
  <millis>1430982382690</millis>
  <sequence>4</sequence>
  <logger>ESPlorer.ESPlorer</logger>
  <level>INFO</level>
  <class>ESPlorer.ESPlorer</class>
  <method>log</method>
  <thread>14</thread>
  <message>Set new color theme: Success.</message>
</record>
<record>
  <date>2015-05-07T17:06:22</date>
  <millis>1430982382703</millis>
  <sequence>5</sequence>
  <logger>ESPlorer.ESPlorer</logger>
  <level>INFO</level>
  <class>ESPlorer.ESPlorer</class>
  <method>log</method>
  <thread>14</thread>
  <message>Load saved settings: DONE.</message>
</record>
<record>
  <date>2015-05-07T17:06:22</date>
  <millis>1430982382707</millis>
  <sequence>6</sequence>
  <logger>ESPlorer.ESPlorer</logger>
  <level>INFO</level>
  <class>ESPlorer.ESPlorer</class>
  <method>log</method>
  <thread>14</thread>
  <message>Snippets (LUA): loading...</message>
</record>
<record>
  <date>2015-05-07T17:06:22</date>
  <millis>1430982382711</millis>
  <sequence>7</sequence>
  <logger>ESPlorer.ESPlorer</logger>
  <level>INFO</level>
  <class>ESPlorer.ESPlorer</class>
  <method>log</method>
  <thread>14</thread>
  <message>Snippets (LUA) load: Success.</message>
</record>
<record>
  <date>2015-05-07T17:06:24</date>
  <millis>1430982384120</millis>
  <sequence>8</sequence>
  <logger>ESPlorer.ESPlorer</logger>
  <level>INFO</level>
  <class>ESPlorer.ESPlorer</class>
  <method>log</method>
  <thread>14</thread>
  <message>Scan system...</message>
</record>
<record>
  <date>2015-05-07T17:06:24</date>
  <millis>1430982384194</millis>
  <sequence>9</sequence>
  <logger>ESPlorer.ESPlorer</logger>
  <level>INFO</level>
  <class>ESPlorer.ESPlorer</class>
  <method>log</method>
  <thread>14</thread>
  <message>Could not find any serial port. Please, connect device and ReScan</message>
</record>
<record>
  <date>2015-05-07T17:06:24</date>
  <millis>1430982384202</millis>
  <sequence>10</sequence>
  <logger>ESPlorer.ESPlorer</logger>
  <level>INFO</level>
  <class>ESPlorer.ESPlorer</class>
  <method>log</method>
  <thread>14</thread>
  <message>Scan done.</message>
</record>
<record>
  <date>2015-05-07T17:14:02</date>
  <millis>1430982842704</millis>
  <sequence>11</sequence>
  <logger>ESPlorer.ESPlorer</logger>
  <level>INFO</level>
  <class>ESPlorer.ESPlorer</class>
  <method>log</method>
  <thread>14</thread>
  <message>FileTab cleared: Success.</message>
</record>
<record>
  <date>2015-05-07T17:14:02</date>
  <millis>1430982842706</millis>
  <sequence>12</sequence>
  <logger>ESPlorer.ESPlorer</logger>
  <level>INFO</level>
  <class>ESPlorer.ESPlorer</class>
  <method>log</method>
  <thread>14</thread>
  <message>File close: Success.</message>
</record>
</log>
